<?xml version="1.0" encoding="UTF-8"?>
<!-- Generated by org.testng.reporters.JUnitXMLReporter -->
<testsuite hostname="DESKTOP-JHJRVJ9" ignored="0" name="Walmart automation testNG" tests="9" failures="0" timestamp="27 Sep 2019 23:11:19 GMT" time="8.268" errors="0">
  <testcase name="@BeforeMethod setUp" time="3.42" classname="com.walmart.qa.testcases.SignUpPageTest">
    <failure type="org.openqa.selenium.SessionNotCreatedException" message="session not created: This version of ChromeDriver only supports Chrome version 75
Build info: version: &amp;apos;3.14.0&amp;apos;, revision: &amp;apos;aacccce0&amp;apos;, time: &amp;apos;2018-08-02T20:19:58.91Z&amp;apos;
System info: host: &amp;apos;DESKTOP-JHJRVJ9&amp;apos;, ip: &amp;apos;192.168.17.1&amp;apos;, os.name: &amp;apos;Windows 10&amp;apos;, os.arch: &amp;apos;amd64&amp;apos;, os.version: &amp;apos;10.0&amp;apos;, java.version: &amp;apos;1.8.0_181&amp;apos;
Driver info: driver.version: ChromeDriver
remote stacktrace: Backtrace:
	Ordinal0 [0x013E1B43+1448771]
	Ordinal0 [0x01365A31+940593]
	Ordinal0 [0x012F2293+467603]
	Ordinal0 [0x0128F27E+62078]
	Ordinal0 [0x0128BBBD+48061]
	Ordinal0 [0x012A8D09+167177]
	Ordinal0 [0x012A88DD+166109]
	Ordinal0 [0x012A6FEB+159723]
	Ordinal0 [0x012909F6+68086]
	Ordinal0 [0x01291990+72080]
	Ordinal0 [0x01291929+71977]
	GetHandleVerifier [0x01522E8C+1172172]
	GetHandleVerifier [0x0147FE55+504469]
	GetHandleVerifier [0x0147FBF0+503856]
	Ordinal0 [0x013EC9C8+1493448]
	GetHandleVerifier [0x0148062A+506474]
	Ordinal0 [0x01377156+1012054]
	Ordinal0 [0x01376FCF+1011663]
	Ordinal0 [0x0138135B+1053531]
	Ordinal0 [0x013814C3+1053891]
	Ordinal0 [0x013804F5+1049845]
	BaseThreadInitThunk [0x76928494+36]
	RtlAreBitsSet [0x776241C8+136]
	RtlAreBitsSet [0x77624198+88]
">
      <![CDATA[org.openqa.selenium.SessionNotCreatedException: session not created: This version of ChromeDriver only supports Chrome version 75
Build info: version: '3.14.0', revision: 'aacccce0', time: '2018-08-02T20:19:58.91Z'
System info: host: 'DESKTOP-JHJRVJ9', ip: '192.168.17.1', os.name: 'Windows 10', os.arch: 'amd64', os.version: '10.0', java.version: '1.8.0_181'
Driver info: driver.version: ChromeDriver
remote stacktrace: Backtrace:
	Ordinal0 [0x013E1B43+1448771]
	Ordinal0 [0x01365A31+940593]
	Ordinal0 [0x012F2293+467603]
	Ordinal0 [0x0128F27E+62078]
	Ordinal0 [0x0128BBBD+48061]
	Ordinal0 [0x012A8D09+167177]
	Ordinal0 [0x012A88DD+166109]
	Ordinal0 [0x012A6FEB+159723]
	Ordinal0 [0x012909F6+68086]
	Ordinal0 [0x01291990+72080]
	Ordinal0 [0x01291929+71977]
	GetHandleVerifier [0x01522E8C+1172172]
	GetHandleVerifier [0x0147FE55+504469]
	GetHandleVerifier [0x0147FBF0+503856]
	Ordinal0 [0x013EC9C8+1493448]
	GetHandleVerifier [0x0148062A+506474]
	Ordinal0 [0x01377156+1012054]
	Ordinal0 [0x01376FCF+1011663]
	Ordinal0 [0x0138135B+1053531]
	Ordinal0 [0x013814C3+1053891]
	Ordinal0 [0x013804F5+1049845]
	BaseThreadInitThunk [0x76928494+36]
	RtlAreBitsSet [0x776241C8+136]
	RtlAreBitsSet [0x77624198+88]

	at org.openqa.selenium.remote.W3CHandshakeResponse.lambda$new$0(W3CHandshakeResponse.java:57)
	at org.openqa.selenium.remote.W3CHandshakeResponse.lambda$getResponseFunction$2(W3CHandshakeResponse.java:104)
	at org.openqa.selenium.remote.ProtocolHandshake.lambda$createSession$0(ProtocolHandshake.java:122)
	at java.util.stream.ReferencePipeline$3$1.accept(ReferencePipeline.java:193)
	at java.util.Spliterators$ArraySpliterator.tryAdvance(Spliterators.java:958)
	at java.util.stream.ReferencePipeline.forEachWithCancel(ReferencePipeline.java:126)
	at java.util.stream.AbstractPipeline.copyIntoWithCancel(AbstractPipeline.java:498)
	at java.util.stream.AbstractPipeline.copyInto(AbstractPipeline.java:485)
	at java.util.stream.AbstractPipeline.wrapAndCopyInto(AbstractPipeline.java:471)
	at java.util.stream.FindOps$FindOp.evaluateSequential(FindOps.java:152)
	at java.util.stream.AbstractPipeline.evaluate(AbstractPipeline.java:234)
	at java.util.stream.ReferencePipeline.findFirst(ReferencePipeline.java:464)
	at org.openqa.selenium.remote.ProtocolHandshake.createSession(ProtocolHandshake.java:125)
	at org.openqa.selenium.remote.ProtocolHandshake.createSession(ProtocolHandshake.java:73)
	at org.openqa.selenium.remote.HttpCommandExecutor.execute(HttpCommandExecutor.java:136)
	at org.openqa.selenium.remote.service.DriverCommandExecutor.execute(DriverCommandExecutor.java:83)
	at org.openqa.selenium.remote.RemoteWebDriver.execute(RemoteWebDriver.java:548)
	at org.openqa.selenium.remote.RemoteWebDriver.startSession(RemoteWebDriver.java:212)
	at org.openqa.selenium.remote.RemoteWebDriver.<init>(RemoteWebDriver.java:130)
	at org.openqa.selenium.chrome.ChromeDriver.<init>(ChromeDriver.java:181)
	at org.openqa.selenium.chrome.ChromeDriver.<init>(ChromeDriver.java:168)
	at org.openqa.selenium.chrome.ChromeDriver.<init>(ChromeDriver.java:123)
	at com.walmart.qa.base.TestBase.initialization(TestBase.java:41)
	at com.walmart.qa.testcases.SignUpPageTest.setUp(SignUpPageTest.java:27)
... Removed 31 stack frames]]>
    </failure>
  </testcase> <!-- @BeforeMethod setUp -->
  <testcase name="@BeforeMethod setUp" time="1.725" classname="com.walmart.qa.testcases.LoginPageTest">
    <failure type="org.openqa.selenium.SessionNotCreatedException" message="session not created: This version of ChromeDriver only supports Chrome version 75
Build info: version: &amp;apos;3.14.0&amp;apos;, revision: &amp;apos;aacccce0&amp;apos;, time: &amp;apos;2018-08-02T20:19:58.91Z&amp;apos;
System info: host: &amp;apos;DESKTOP-JHJRVJ9&amp;apos;, ip: &amp;apos;192.168.17.1&amp;apos;, os.name: &amp;apos;Windows 10&amp;apos;, os.arch: &amp;apos;amd64&amp;apos;, os.version: &amp;apos;10.0&amp;apos;, java.version: &amp;apos;1.8.0_181&amp;apos;
Driver info: driver.version: ChromeDriver
remote stacktrace: Backtrace:
	Ordinal0 [0x013E1B43+1448771]
	Ordinal0 [0x01365A31+940593]
	Ordinal0 [0x012F2293+467603]
	Ordinal0 [0x0128F27E+62078]
	Ordinal0 [0x0128BBBD+48061]
	Ordinal0 [0x012A8D09+167177]
	Ordinal0 [0x012A88DD+166109]
	Ordinal0 [0x012A6FEB+159723]
	Ordinal0 [0x012909F6+68086]
	Ordinal0 [0x01291990+72080]
	Ordinal0 [0x01291929+71977]
	GetHandleVerifier [0x01522E8C+1172172]
	GetHandleVerifier [0x0147FE55+504469]
	GetHandleVerifier [0x0147FBF0+503856]
	Ordinal0 [0x013EC9C8+1493448]
	GetHandleVerifier [0x0148062A+506474]
	Ordinal0 [0x01377156+1012054]
	Ordinal0 [0x01376FCF+1011663]
	Ordinal0 [0x0138135B+1053531]
	Ordinal0 [0x013814C3+1053891]
	Ordinal0 [0x013804F5+1049845]
	BaseThreadInitThunk [0x76928494+36]
	RtlAreBitsSet [0x776241C8+136]
	RtlAreBitsSet [0x77624198+88]
">
      <![CDATA[org.openqa.selenium.SessionNotCreatedException: session not created: This version of ChromeDriver only supports Chrome version 75
Build info: version: '3.14.0', revision: 'aacccce0', time: '2018-08-02T20:19:58.91Z'
System info: host: 'DESKTOP-JHJRVJ9', ip: '192.168.17.1', os.name: 'Windows 10', os.arch: 'amd64', os.version: '10.0', java.version: '1.8.0_181'
Driver info: driver.version: ChromeDriver
remote stacktrace: Backtrace:
	Ordinal0 [0x013E1B43+1448771]
	Ordinal0 [0x01365A31+940593]
	Ordinal0 [0x012F2293+467603]
	Ordinal0 [0x0128F27E+62078]
	Ordinal0 [0x0128BBBD+48061]
	Ordinal0 [0x012A8D09+167177]
	Ordinal0 [0x012A88DD+166109]
	Ordinal0 [0x012A6FEB+159723]
	Ordinal0 [0x012909F6+68086]
	Ordinal0 [0x01291990+72080]
	Ordinal0 [0x01291929+71977]
	GetHandleVerifier [0x01522E8C+1172172]
	GetHandleVerifier [0x0147FE55+504469]
	GetHandleVerifier [0x0147FBF0+503856]
	Ordinal0 [0x013EC9C8+1493448]
	GetHandleVerifier [0x0148062A+506474]
	Ordinal0 [0x01377156+1012054]
	Ordinal0 [0x01376FCF+1011663]
	Ordinal0 [0x0138135B+1053531]
	Ordinal0 [0x013814C3+1053891]
	Ordinal0 [0x013804F5+1049845]
	BaseThreadInitThunk [0x76928494+36]
	RtlAreBitsSet [0x776241C8+136]
	RtlAreBitsSet [0x77624198+88]

	at org.openqa.selenium.remote.W3CHandshakeResponse.lambda$new$0(W3CHandshakeResponse.java:57)
	at org.openqa.selenium.remote.W3CHandshakeResponse.lambda$getResponseFunction$2(W3CHandshakeResponse.java:104)
	at org.openqa.selenium.remote.ProtocolHandshake.lambda$createSession$0(ProtocolHandshake.java:122)
	at java.util.stream.ReferencePipeline$3$1.accept(ReferencePipeline.java:193)
	at java.util.Spliterators$ArraySpliterator.tryAdvance(Spliterators.java:958)
	at java.util.stream.ReferencePipeline.forEachWithCancel(ReferencePipeline.java:126)
	at java.util.stream.AbstractPipeline.copyIntoWithCancel(AbstractPipeline.java:498)
	at java.util.stream.AbstractPipeline.copyInto(AbstractPipeline.java:485)
	at java.util.stream.AbstractPipeline.wrapAndCopyInto(AbstractPipeline.java:471)
	at java.util.stream.FindOps$FindOp.evaluateSequential(FindOps.java:152)
	at java.util.stream.AbstractPipeline.evaluate(AbstractPipeline.java:234)
	at java.util.stream.ReferencePipeline.findFirst(ReferencePipeline.java:464)
	at org.openqa.selenium.remote.ProtocolHandshake.createSession(ProtocolHandshake.java:125)
	at org.openqa.selenium.remote.ProtocolHandshake.createSession(ProtocolHandshake.java:73)
	at org.openqa.selenium.remote.HttpCommandExecutor.execute(HttpCommandExecutor.java:136)
	at org.openqa.selenium.remote.service.DriverCommandExecutor.execute(DriverCommandExecutor.java:83)
	at org.openqa.selenium.remote.RemoteWebDriver.execute(RemoteWebDriver.java:548)
	at org.openqa.selenium.remote.RemoteWebDriver.startSession(RemoteWebDriver.java:212)
	at org.openqa.selenium.remote.RemoteWebDriver.<init>(RemoteWebDriver.java:130)
	at org.openqa.selenium.chrome.ChromeDriver.<init>(ChromeDriver.java:181)
	at org.openqa.selenium.chrome.ChromeDriver.<init>(ChromeDriver.java:168)
	at org.openqa.selenium.chrome.ChromeDriver.<init>(ChromeDriver.java:123)
	at com.walmart.qa.base.TestBase.initialization(TestBase.java:41)
	at com.walmart.qa.testcases.LoginPageTest.setUp(LoginPageTest.java:24)
... Removed 31 stack frames]]>
    </failure>
  </testcase> <!-- @BeforeMethod setUp -->
  <testcase name="@BeforeMethod setUp" time="1.643" classname="com.walmart.qa.testcases.HomePageTest">
    <failure type="org.openqa.selenium.SessionNotCreatedException" message="session not created: This version of ChromeDriver only supports Chrome version 75
Build info: version: &amp;apos;3.14.0&amp;apos;, revision: &amp;apos;aacccce0&amp;apos;, time: &amp;apos;2018-08-02T20:19:58.91Z&amp;apos;
System info: host: &amp;apos;DESKTOP-JHJRVJ9&amp;apos;, ip: &amp;apos;192.168.17.1&amp;apos;, os.name: &amp;apos;Windows 10&amp;apos;, os.arch: &amp;apos;amd64&amp;apos;, os.version: &amp;apos;10.0&amp;apos;, java.version: &amp;apos;1.8.0_181&amp;apos;
Driver info: driver.version: ChromeDriver
remote stacktrace: Backtrace:
	Ordinal0 [0x013E1B43+1448771]
	Ordinal0 [0x01365A31+940593]
	Ordinal0 [0x012F2293+467603]
	Ordinal0 [0x0128F27E+62078]
	Ordinal0 [0x0128BBBD+48061]
	Ordinal0 [0x012A8D09+167177]
	Ordinal0 [0x012A88DD+166109]
	Ordinal0 [0x012A6FEB+159723]
	Ordinal0 [0x012909F6+68086]
	Ordinal0 [0x01291990+72080]
	Ordinal0 [0x01291929+71977]
	GetHandleVerifier [0x01522E8C+1172172]
	GetHandleVerifier [0x0147FE55+504469]
	GetHandleVerifier [0x0147FBF0+503856]
	Ordinal0 [0x013EC9C8+1493448]
	GetHandleVerifier [0x0148062A+506474]
	Ordinal0 [0x01377156+1012054]
	Ordinal0 [0x01376FCF+1011663]
	Ordinal0 [0x0138135B+1053531]
	Ordinal0 [0x013814C3+1053891]
	Ordinal0 [0x013804F5+1049845]
	BaseThreadInitThunk [0x76928494+36]
	RtlAreBitsSet [0x776241C8+136]
	RtlAreBitsSet [0x77624198+88]
">
      <![CDATA[org.openqa.selenium.SessionNotCreatedException: session not created: This version of ChromeDriver only supports Chrome version 75
Build info: version: '3.14.0', revision: 'aacccce0', time: '2018-08-02T20:19:58.91Z'
System info: host: 'DESKTOP-JHJRVJ9', ip: '192.168.17.1', os.name: 'Windows 10', os.arch: 'amd64', os.version: '10.0', java.version: '1.8.0_181'
Driver info: driver.version: ChromeDriver
remote stacktrace: Backtrace:
	Ordinal0 [0x013E1B43+1448771]
	Ordinal0 [0x01365A31+940593]
	Ordinal0 [0x012F2293+467603]
	Ordinal0 [0x0128F27E+62078]
	Ordinal0 [0x0128BBBD+48061]
	Ordinal0 [0x012A8D09+167177]
	Ordinal0 [0x012A88DD+166109]
	Ordinal0 [0x012A6FEB+159723]
	Ordinal0 [0x012909F6+68086]
	Ordinal0 [0x01291990+72080]
	Ordinal0 [0x01291929+71977]
	GetHandleVerifier [0x01522E8C+1172172]
	GetHandleVerifier [0x0147FE55+504469]
	GetHandleVerifier [0x0147FBF0+503856]
	Ordinal0 [0x013EC9C8+1493448]
	GetHandleVerifier [0x0148062A+506474]
	Ordinal0 [0x01377156+1012054]
	Ordinal0 [0x01376FCF+1011663]
	Ordinal0 [0x0138135B+1053531]
	Ordinal0 [0x013814C3+1053891]
	Ordinal0 [0x013804F5+1049845]
	BaseThreadInitThunk [0x76928494+36]
	RtlAreBitsSet [0x776241C8+136]
	RtlAreBitsSet [0x77624198+88]

	at org.openqa.selenium.remote.W3CHandshakeResponse.lambda$new$0(W3CHandshakeResponse.java:57)
	at org.openqa.selenium.remote.W3CHandshakeResponse.lambda$getResponseFunction$2(W3CHandshakeResponse.java:104)
	at org.openqa.selenium.remote.ProtocolHandshake.lambda$createSession$0(ProtocolHandshake.java:122)
	at java.util.stream.ReferencePipeline$3$1.accept(ReferencePipeline.java:193)
	at java.util.Spliterators$ArraySpliterator.tryAdvance(Spliterators.java:958)
	at java.util.stream.ReferencePipeline.forEachWithCancel(ReferencePipeline.java:126)
	at java.util.stream.AbstractPipeline.copyIntoWithCancel(AbstractPipeline.java:498)
	at java.util.stream.AbstractPipeline.copyInto(AbstractPipeline.java:485)
	at java.util.stream.AbstractPipeline.wrapAndCopyInto(AbstractPipeline.java:471)
	at java.util.stream.FindOps$FindOp.evaluateSequential(FindOps.java:152)
	at java.util.stream.AbstractPipeline.evaluate(AbstractPipeline.java:234)
	at java.util.stream.ReferencePipeline.findFirst(ReferencePipeline.java:464)
	at org.openqa.selenium.remote.ProtocolHandshake.createSession(ProtocolHandshake.java:125)
	at org.openqa.selenium.remote.ProtocolHandshake.createSession(ProtocolHandshake.java:73)
	at org.openqa.selenium.remote.HttpCommandExecutor.execute(HttpCommandExecutor.java:136)
	at org.openqa.selenium.remote.service.DriverCommandExecutor.execute(DriverCommandExecutor.java:83)
	at org.openqa.selenium.remote.RemoteWebDriver.execute(RemoteWebDriver.java:548)
	at org.openqa.selenium.remote.RemoteWebDriver.startSession(RemoteWebDriver.java:212)
	at org.openqa.selenium.remote.RemoteWebDriver.<init>(RemoteWebDriver.java:130)
	at org.openqa.selenium.chrome.ChromeDriver.<init>(ChromeDriver.java:181)
	at org.openqa.selenium.chrome.ChromeDriver.<init>(ChromeDriver.java:168)
	at org.openqa.selenium.chrome.ChromeDriver.<init>(ChromeDriver.java:123)
	at com.walmart.qa.base.TestBase.initialization(TestBase.java:41)
	at com.walmart.qa.testcases.HomePageTest.setUp(HomePageTest.java:21)
... Removed 31 stack frames]]>
    </failure>
  </testcase> <!-- @BeforeMethod setUp -->
  <testcase name="@BeforeMethod setUp" time="0.0" classname="com.walmart.qa.testcases.SignUpPageTest">
    <skipped/>
  </testcase> <!-- @BeforeMethod setUp -->
  <testcase name="@BeforeMethod setUp" time="0.0" classname="com.walmart.qa.testcases.SignUpPageTest">
    <skipped/>
  </testcase> <!-- @BeforeMethod setUp -->
  <testcase name="@BeforeMethod setUp" time="0.0" classname="com.walmart.qa.testcases.SignUpPageTest">
    <skipped/>
  </testcase> <!-- @BeforeMethod setUp -->
  <testcase name="@BeforeMethod setUp" time="0.0" classname="com.walmart.qa.testcases.LoginPageTest">
    <skipped/>
  </testcase> <!-- @BeforeMethod setUp -->
  <testcase name="@BeforeMethod setUp" time="0.0" classname="com.walmart.qa.testcases.HomePageTest">
    <skipped/>
  </testcase> <!-- @BeforeMethod setUp -->
  <testcase name="@BeforeMethod setUp" time="0.0" classname="com.walmart.qa.testcases.HomePageTest">
    <skipped/>
  </testcase> <!-- @BeforeMethod setUp -->
  <testcase name="SignUpPageTitleTest" time="0.006" classname="com.walmart.qa.testcases.SignUpPageTest">
    <skipped/>
  </testcase> <!-- SignUpPageTitleTest -->
  <testcase name="loginPageTitleTest" time="0.0" classname="com.walmart.qa.testcases.LoginPageTest">
    <skipped/>
  </testcase> <!-- loginPageTitleTest -->
  <testcase name="verifyHomePageTitleTest" time="0.0" classname="com.walmart.qa.testcases.HomePageTest">
    <skipped/>
  </testcase> <!-- verifyHomePageTitleTest -->
  <testcase name="createAccountTest" time="0.0" classname="com.walmart.qa.testcases.SignUpPageTest">
    <skipped/>
  </testcase> <!-- createAccountTest -->
  <testcase name="createAccountTest" time="0.0" classname="com.walmart.qa.testcases.SignUpPageTest">
    <skipped/>
  </testcase> <!-- createAccountTest -->
  <testcase name="createAccountTest" time="0.0" classname="com.walmart.qa.testcases.SignUpPageTest">
    <skipped/>
  </testcase> <!-- createAccountTest -->
  <testcase name="loginTest" time="0.0" classname="com.walmart.qa.testcases.LoginPageTest">
    <skipped/>
  </testcase> <!-- loginTest -->
  <testcase name="clickOnSearch" time="0.0" classname="com.walmart.qa.testcases.HomePageTest">
    <skipped/>
  </testcase> <!-- clickOnSearch -->
  <testcase name="sortByPrice" time="0.0" classname="com.walmart.qa.testcases.HomePageTest">
    <skipped/>
  </testcase> <!-- sortByPrice -->
</testsuite> <!-- Walmart automation testNG -->
